<?xml version="1.0" encoding="UTF-8"?>
<!-- Generated by org.testng.reporters.JUnitXMLReporter -->
<testsuite ignored="0" hostname="LAPTOP-FDUTCRQG" failures="1" tests="7" name="starhealth001" time="39.44" errors="0" timestamp="2023-10-24T13:21:31 IST">
  <testcase classname="testpages.StarHealthPageTest" name="Validate_Alt_Value_Of_Logo" time="8.282"/>
  <testcase classname="testpages.StarHealthPageTest" name="click_on_plans" time="5.12"/>
  <testcase classname="testpages.StarHealthPageTest" name="GetAQuoate" time="6.847"/>
  <testcase classname="testpages.StarHealthPageTest" name="Input_Authorize_Form" time="5.165"/>
  <testcase classname="testpages.StarHealthPageTest" name="Get_Value" time="0.0">
    <failure type="java.lang.RuntimeException" message="java.io.FileNotFoundException: C:\Users\sivap\OneDrive\Desktop\testdata.xlsx (The system cannot find the file specified)">
      <![CDATA[java.lang.RuntimeException: java.io.FileNotFoundException: C:\Users\sivap\OneDrive\Desktop\testdata.xlsx (The system cannot find the file specified)
at java.base/java.util.ArrayList.forEach(ArrayList.java:1511)
Caused by: java.io.FileNotFoundException: C:\Users\sivap\OneDrive\Desktop\testdata.xlsx (The system cannot find the file specified)
at java.base/java.io.FileInputStream.open0(Native Method)
at java.base/java.io.FileInputStream.open(FileInputStream.java:216)
at java.base/java.io.FileInputStream.<init>(FileInputStream.java:157)
at java.base/java.io.FileInputStream.<init>(FileInputStream.java:111)
at dataprovider.XlS_dataprovider.getTestData(XlS_dataprovider.java:16)
at testpages.StarHealthPageTest.datasupplier(StarHealthPageTest.java:108)
... 25 more
... Removed 32 stack frames]]>
    </failure>
  </testcase> <!-- Get_Value -->
  <testcase classname="testpages.StarHealthPageTest" name="clickontwitter" time="0.226"/>
  <testcase classname="testpages.StarHealthPageTest" name="validatetwitter" time="3.966"/>
</testsuite> <!-- starhealth001 -->
